<?xml version="1.0" encoding="UTF-8"?>
<!-- Generated by org.testng.reporters.JUnitReportReporter -->
<testsuite hostname="DESKTOP-6FIB2UL" failures="0" tests="3" name="testScripts.AdminUserTest" time="14.877" errors="0" timestamp="2025-10-17T15:59:37 CEST" skipped="0">
  <testcase classname="testScripts.AdminUserTest" name="verifyNewUserCreation" time="5.583"/>
  <testcase classname="testScripts.AdminUserTest" name="verifySearchAdminUsers" time="4.607"/>
  <testcase classname="testScripts.AdminUserTest" name="validateResetOption" time="4.687"/>
</testsuite> <!-- testScripts.AdminUserTest -->
