<?xml version="1.0" encoding="UTF-8"?>
<!-- Generated by org.testng.reporters.JUnitReportReporter -->
<testsuite hostname="DESKTOP-6FIB2UL" failures="0" tests="1" name="testScripts.LoginTest" time="7.196" errors="0" timestamp="2025-10-07T17:10:53 CEST" skipped="0">
  <testcase classname="testScripts.LoginTest" name="verifyLoginWithValidCredentials" time="7.196"/>
</testsuite> <!-- testScripts.LoginTest -->
