<?xml version="1.0" encoding="UTF-8"?>
<!-- Generated by org.testng.reporters.JUnitReportReporter -->
<testsuite hostname="DESKTOP-6FIB2UL" failures="0" tests="1" name="testScripts.HomeTest" time="3.983" errors="0" timestamp="2025-10-17T15:59:37 CEST" skipped="0">
  <testcase classname="testScripts.HomeTest" name="verifyLogout" time="3.983"/>
</testsuite> <!-- testScripts.HomeTest -->
