<?xml version="1.0" encoding="UTF-8"?>
<!-- Generated by org.testng.reporters.JUnitReportReporter -->
<testsuite hostname="DESKTOP-6FIB2UL" failures="0" tests="2" name="testScripts.LoginTest" time="6.962" errors="0" timestamp="2025-10-10T17:20:12 CEST" skipped="0">
  <testcase classname="testScripts.LoginTest" name="verifyLoginWithInvalidUserNameInvalidPassword" time="4.070"/>
  <testcase classname="testScripts.LoginTest" name="verifyLoginWithInvalidUserNameInvalidPassword" time="2.892"/>
</testsuite> <!-- testScripts.LoginTest -->
