<?xml version="1.0" encoding="UTF-8"?>
<!-- Generated by org.testng.reporters.JUnitReportReporter -->
<testsuite hostname="DESKTOP-6FIB2UL" failures="0" tests="2" name="testScripts.ManageNewsTest" time="13.321" errors="0" timestamp="2025-10-16T15:52:17 CEST" skipped="0">
  <testcase classname="testScripts.ManageNewsTest" name="verifyNewsCreation" time="8.300"/>
  <testcase classname="testScripts.ManageNewsTest" name="verifyNewsSearchInManageNewsList" time="5.021"/>
</testsuite> <!-- testScripts.ManageNewsTest -->
