<?xml version="1.0" encoding="UTF-8"?>
<!-- Generated by org.testng.reporters.JUnitReportReporter -->
<testsuite hostname="DESKTOP-6FIB2UL" failures="0" tests="1" name="testScripts.AdminUserTest" time="6.698" errors="0" timestamp="2025-10-06T15:38:07 CEST" skipped="0">
  <testcase classname="testScripts.AdminUserTest" name="validateResetOption" time="6.698"/>
</testsuite> <!-- testScripts.AdminUserTest -->
