<?xml version="1.0" encoding="UTF-8"?>
<!-- Generated by org.testng.reporters.JUnitReportReporter -->
<testsuite hostname="DESKTOP-6FIB2UL" failures="0" tests="1" name="testScripts.HomeTest" time="7.962" errors="0" timestamp="2025-10-09T16:49:11 CEST" skipped="0">
  <testcase classname="testScripts.HomeTest" name="verifyLogout" time="7.962"/>
</testsuite> <!-- testScripts.HomeTest -->
