<?xml version="1.0" encoding="UTF-8"?>
<!-- Generated by org.testng.reporters.JUnitReportReporter -->
<testsuite hostname="DESKTOP-6FIB2UL" failures="0" tests="4" name="testScripts.LoginTest" time="47.836" errors="0" timestamp="2025-10-08T17:07:32 CEST" skipped="0">
  <testcase classname="testScripts.LoginTest" name="verifyLoginWithValidCredentials" time="29.634"/>
  <testcase classname="testScripts.LoginTest" name="verifyLoginWithValidUserNameInvalidPassword" time="6.438"/>
  <testcase classname="testScripts.LoginTest" name="verifyLoginWithInvalidUserNameValidPassword" time="5.784"/>
  <testcase classname="testScripts.LoginTest" name="verifyLoginWithInvalidUserNameInvalidPassword" time="5.980"/>
</testsuite> <!-- testScripts.LoginTest -->
