<?xml version="1.0" encoding="UTF-8"?>
<!-- Generated by org.testng.reporters.JUnitReportReporter -->
<testsuite hostname="DESKTOP-6FIB2UL" failures="0" tests="2" name="testScripts.ManageNewsTest" time="9.487" errors="0" timestamp="2025-10-17T15:59:37 CEST" skipped="0">
  <testcase classname="testScripts.ManageNewsTest" name="verifyNewsCreation" time="5.077"/>
  <testcase classname="testScripts.ManageNewsTest" name="verifyNewsSearchInManageNewsList" time="4.410"/>
</testsuite> <!-- testScripts.ManageNewsTest -->
