<?xml version="1.0" encoding="UTF-8"?>
<!-- Generated by org.testng.reporters.JUnitReportReporter -->
<testsuite hostname="DESKTOP-6FIB2UL" failures="0" tests="1" name="testScripts.AdminUserTest" time="5.667" errors="0" timestamp="2025-10-07T13:02:47 CEST" skipped="0">
  <testcase classname="testScripts.AdminUserTest" name="validateResetOption" time="5.667"/>
</testsuite> <!-- testScripts.AdminUserTest -->
