<?xml version="1.0" encoding="UTF-8"?>
<!-- Generated by org.testng.reporters.JUnitReportReporter -->
<testsuite hostname="DESKTOP-6FIB2UL" failures="0" tests="4" name="testScripts.LoginTest" time="14.654" errors="0" timestamp="2025-10-09T16:49:11 CEST" skipped="0">
  <testcase classname="testScripts.LoginTest" name="verifyLoginWithValidCredentials" time="4.433"/>
  <testcase classname="testScripts.LoginTest" name="verifyLoginWithValidUserNameInvalidPassword" time="3.355"/>
  <testcase classname="testScripts.LoginTest" name="verifyLoginWithInvalidUserNameValidPassword" time="3.220"/>
  <testcase classname="testScripts.LoginTest" name="verifyLoginWithInvalidUserNameInvalidPassword" time="3.646"/>
</testsuite> <!-- testScripts.LoginTest -->
