<?xml version="1.0" encoding="UTF-8"?>
<!-- Generated by org.testng.reporters.JUnitReportReporter -->
<testsuite hostname="DESKTOP-6FIB2UL" failures="0" tests="1" name="testScripts.LoginTest" time="4.296" errors="0" timestamp="2025-10-15T13:19:18 CEST" skipped="0">
  <testcase classname="testScripts.LoginTest" name="verifyLoginWithValidCredentials" time="4.296"/>
</testsuite> <!-- testScripts.LoginTest -->
