<?xml version="1.0" encoding="UTF-8"?>
<!-- Generated by org.testng.reporters.JUnitReportReporter -->
<testsuite hostname="DESKTOP-6FIB2UL" failures="0" tests="1" name="testScripts.ManageNewsTest" time="5.244" errors="0" timestamp="2025-10-07T12:58:57 CEST" skipped="0">
  <testcase classname="testScripts.ManageNewsTest" name="verifyNewsSearchInManageNewsList" time="5.244"/>
</testsuite> <!-- testScripts.ManageNewsTest -->
