<?xml version="1.0" encoding="UTF-8"?>
<!-- Generated by org.testng.reporters.JUnitReportReporter -->
<testsuite hostname="DESKTOP-6FIB2UL" failures="0" tests="2" name="testScripts.LoginTest" time="6.045" errors="0" timestamp="2025-10-20T09:56:11 CEST" skipped="0">
  <testcase classname="testScripts.LoginTest" name="verifyLoginWithInvalidUserNameInvalidPassword" time="3.309"/>
  <testcase classname="testScripts.LoginTest" name="verifyLoginWithInvalidUserNameInvalidPassword" time="2.736"/>
</testsuite> <!-- testScripts.LoginTest -->
