<?xml version="1.0" encoding="UTF-8"?>
<!-- Generated by org.testng.reporters.JUnitReportReporter -->
<testsuite hostname="DESKTOP-6FIB2UL" failures="0" tests="1" name="testScripts.AdminUserTest" time="9.410" errors="0" timestamp="2025-10-15T15:36:20 CEST" skipped="0">
  <testcase classname="testScripts.AdminUserTest" name="verifyNewUserCreation" time="9.410"/>
</testsuite> <!-- testScripts.AdminUserTest -->
