<?xml version="1.0" encoding="UTF-8"?>
<!-- Generated by org.testng.reporters.JUnitReportReporter -->
<testsuite hostname="DESKTOP-6FIB2UL" failures="0" tests="3" name="testScripts.AdminUserTest" time="18.483" errors="0" timestamp="2025-10-20T09:44:13 CEST" skipped="0">
  <testcase classname="testScripts.AdminUserTest" name="verifyNewUserCreation" time="5.170"/>
  <testcase classname="testScripts.AdminUserTest" name="verifySearchAdminUsers" time="4.613"/>
  <testcase classname="testScripts.AdminUserTest" name="validateResetOption" time="8.700"/>
</testsuite> <!-- testScripts.AdminUserTest -->
